<?xml version="1.0" encoding="UTF-8"?>
<testng-results ignored="0" total="1" passed="1" failed="0" skipped="0">
  <reporter-output>
  </reporter-output>
  <suite started-at="2024-11-15T10:48:27 IST" name="Default suite" finished-at="2024-11-15T10:48:27 IST" duration-ms="60">
    <groups>
    </groups>
    <test started-at="2024-11-15T10:48:27 IST" name="Default test" finished-at="2024-11-15T10:48:27 IST" duration-ms="60">
      <class name="Sample.Demo">
        <test-method signature="Sample()[pri:0, instance:Sample.Demo@59662a0b]" started-at="2024-11-15T10:48:27 IST" name="Sample" finished-at="2024-11-15T10:48:27 IST" duration-ms="13" status="PASS">
          <reporter-output>
          </reporter-output>
        </test-method> <!-- Sample -->
      </class> <!-- Sample.Demo -->
    </test> <!-- Default test -->
  </suite> <!-- Default suite -->
</testng-results>
